# JRE version: OpenJDK Runtime Environment (17.0.6) (build 17.0.6+0-b2043.56-9586694)
# Java VM: OpenJDK 64-Bit Server VM (17.0.6+0-b2043.56-9586694, mixed mode, tiered, compressed oops, compressed class ptrs, g1 gc, windows-amd64)
GC Precious Log:
 CPUs: 12 total, 12 available
 Memory: 7525M
 Large Page Support: Disabled
 NUMA Support: Disabled
 Compressed Oops: Enabled (32-bit)
 Heap Region Size: 1M
 Heap Min Capacity: 8M
 Heap Initial Capacity: 118M
 Heap Max Capacity: 1882M
 Pre-touch: Disabled
 Parallel Workers: 10
 Concurrent Workers: 3
 Concurrent Refinement Workers: 10
 Periodic GC: Disabled
Heap:
 garbage-first heap   total 79872K, used 53725K [0x000000008a600000, 0x0000000100000000)
  region size 1024K, 31 young (31744K), 5 survivors (5120K)
 Metaspace       used 43138K, committed 43392K, reserved 1089536K
  class space    used 5255K, committed 5376K, reserved 1048576K
GC Heap History (16 events):
Event: 0.482 GC heap before
{Heap before GC invocations=0 (full 0):
 garbage-first heap   total 120832K, used 27648K [0x000000008a600000, 0x0000000100000000)
  region size 1024K, 23 young (23552K), 0 survivors (0K)
 Metaspace       used 13311K, committed 13440K, reserved 1064960K
  class space    used 1279K, committed 1344K, reserved 1048576K
}
Event: 0.486 GC heap after
{Heap after GC invocations=1 (full 0):
 garbage-first heap   total 120832K, used 7027K [0x000000008a600000, 0x0000000100000000)
  region size 1024K, 3 young (3072K), 3 survivors (3072K)
 Metaspace       used 13311K, committed 13440K, reserved 1064960K
  class space    used 1279K, committed 1344K, reserved 1048576K
}
Event: 0.985 GC heap before
{Heap before GC invocations=1 (full 0):
 garbage-first heap   total 120832K, used 38771K [0x000000008a600000, 0x0000000100000000)
  region size 1024K, 35 young (35840K), 3 survivors (3072K)
 Metaspace       used 21391K, committed 21504K, reserved 1073152K
  class space    used 2386K, committed 2432K, reserved 1048576K
}
Event: 0.994 GC heap after
{Heap after GC invocations=2 (full 0):
 garbage-first heap   total 120832K, used 10489K [0x000000008a600000, 0x0000000100000000)
  region size 1024K, 4 young (4096K), 4 survivors (4096K)
 Metaspace       used 21391K, committed 21504K, reserved 1073152K
  class space    used 2386K, committed 2432K, reserved 1048576K
}
Event: 1.271 GC heap before
{Heap before GC invocations=3 (full 0):
 garbage-first heap   total 40960K, used 33017K [0x000000008a600000, 0x0000000100000000)
  region size 1024K, 23 young (23552K), 4 survivors (4096K)
 Metaspace       used 26439K, committed 26688K, reserved 1073152K
  class space    used 2947K, committed 3072K, reserved 1048576K
}
Event: 1.284 GC heap after
{Heap after GC invocations=4 (full 0):
 garbage-first heap   total 45056K, used 20857K [0x000000008a600000, 0x0000000100000000)
  region size 1024K, 8 young (8192K), 8 survivors (8192K)
 Metaspace       used 26439K, committed 26688K, reserved 1073152K
  class space    used 2947K, committed 3072K, reserved 1048576K
}
Event: 1.324 GC heap before
{Heap before GC invocations=4 (full 0):
 garbage-first heap   total 45056K, used 20857K [0x000000008a600000, 0x0000000100000000)
  region size 1024K, 9 young (9216K), 8 survivors (8192K)
 Metaspace       used 27469K, committed 27712K, reserved 1081344K
  class space    used 3060K, committed 3136K, reserved 1048576K
}
Event: 1.333 GC heap after
{Heap after GC invocations=5 (full 0):
 garbage-first heap   total 45056K, used 21917K [0x000000008a600000, 0x0000000100000000)
  region size 1024K, 1 young (1024K), 1 survivors (1024K)
 Metaspace       used 27469K, committed 27712K, reserved 1081344K
  class space    used 3060K, committed 3136K, reserved 1048576K
}
Event: 1.474 GC heap before
{Heap before GC invocations=5 (full 0):
 garbage-first heap   total 45056K, used 31133K [0x000000008a600000, 0x0000000100000000)
  region size 1024K, 10 young (10240K), 1 survivors (1024K)
 Metaspace       used 30144K, committed 30464K, reserved 1081344K
  class space    used 3427K, committed 3584K, reserved 1048576K
}
Event: 1.477 GC heap after
{Heap after GC invocations=6 (full 0):
 garbage-first heap   total 45056K, used 21811K [0x000000008a600000, 0x0000000100000000)
  region size 1024K, 1 young (1024K), 1 survivors (1024K)
 Metaspace       used 30144K, committed 30464K, reserved 1081344K
  class space    used 3427K, committed 3584K, reserved 1048576K
}
Event: 1.670 GC heap before
{Heap before GC invocations=7 (full 0):
 garbage-first heap   total 45056K, used 31027K [0x000000008a600000, 0x0000000100000000)
  region size 1024K, 11 young (11264K), 1 survivors (1024K)
 Metaspace       used 32838K, committed 33088K, reserved 1081344K
  class space    used 4011K, committed 4160K, reserved 1048576K
}
Event: 1.674 GC heap after
{Heap after GC invocations=8 (full 0):
 garbage-first heap   total 79872K, used 22254K [0x000000008a600000, 0x0000000100000000)
  region size 1024K, 2 young (2048K), 2 survivors (2048K)
 Metaspace       used 32838K, committed 33088K, reserved 1081344K
  class space    used 4011K, committed 4160K, reserved 1048576K
}
Event: 1.684 GC heap before
{Heap before GC invocations=8 (full 0):
 garbage-first heap   total 79872K, used 23278K [0x000000008a600000, 0x0000000100000000)
  region size 1024K, 3 young (3072K), 2 survivors (2048K)
 Metaspace       used 32847K, committed 33152K, reserved 1081344K
  class space    used 4011K, committed 4160K, reserved 1048576K
}
Event: 1.687 GC heap after
{Heap after GC invocations=9 (full 0):
 garbage-first heap   total 79872K, used 20953K [0x000000008a600000, 0x0000000100000000)
  region size 1024K, 1 young (1024K), 1 survivors (1024K)
 Metaspace       used 32847K, committed 33152K, reserved 1081344K
  class space    used 4011K, committed 4160K, reserved 1048576K
}
Event: 2.449 GC heap before
{Heap before GC invocations=9 (full 0):
 garbage-first heap   total 79872K, used 58841K [0x000000008a600000, 0x0000000100000000)
  region size 1024K, 36 young (36864K), 1 survivors (1024K)
 Metaspace       used 38113K, committed 38400K, reserved 1089536K
  class space    used 4783K, committed 4864K, reserved 1048576K
}
Event: 2.457 GC heap after
{Heap after GC invocations=10 (full 0):
 garbage-first heap   total 79872K, used 28125K [0x000000008a600000, 0x0000000100000000)
  region size 1024K, 5 young (5120K), 5 survivors (5120K)
 Metaspace       used 38113K, committed 38400K, reserved 1089536K
  class space    used 4783K, committed 4864K, reserved 1048576K
}

